0 info it worked if it ends with ok
1 verbose cli [ '/usr/local/bin/node',
1 verbose cli   '/usr/local/bin/npm',
1 verbose cli   'install',
1 verbose cli   'grunt-cli',
1 verbose cli   '-g' ]
2 info using npm@2.14.12
3 info using node@v4.2.6
4 verbose install initial load of /usr/local/lib/package.json
5 verbose readDependencies loading dependencies from /usr/local/lib/package.json
6 silly cache add args [ 'grunt-cli', null ]
7 verbose cache add spec grunt-cli
8 silly cache add parsed spec Result {
8 silly cache add   raw: 'grunt-cli',
8 silly cache add   scope: null,
8 silly cache add   name: 'grunt-cli',
8 silly cache add   rawSpec: '',
8 silly cache add   spec: 'latest',
8 silly cache add   type: 'tag' }
9 silly addNamed grunt-cli@latest
10 verbose addNamed "latest" is being treated as a dist-tag for grunt-cli
11 info addNameTag [ 'grunt-cli', 'latest' ]
12 silly mapToRegistry name grunt-cli
13 silly mapToRegistry using default registry
14 silly mapToRegistry registry https://registry.npmjs.org/
15 silly mapToRegistry uri https://registry.npmjs.org/grunt-cli
16 verbose addNameTag registry:https://registry.npmjs.org/grunt-cli not in flight; fetching
17 verbose request uri https://registry.npmjs.org/grunt-cli
18 verbose request no auth needed
19 info attempt registry request try #1 at 16:57:20
20 verbose request id cecff5a80ceb63d2
21 verbose etag "A952MHD0BJNDLZJERQW04Z5EO"
22 http request GET https://registry.npmjs.org/grunt-cli
23 http 200 https://registry.npmjs.org/grunt-cli
24 verbose headers { server: 'nginx/1.10.1',
24 verbose headers   'content-type': 'application/json',
24 verbose headers   'last-modified': 'Mon, 14 Nov 2016 07:24:45 GMT',
24 verbose headers   etag: 'W/"582966bd-7d97"',
24 verbose headers   'content-encoding': 'gzip',
24 verbose headers   'cache-control': 'max-age=300',
24 verbose headers   'content-length': '5298',
24 verbose headers   'accept-ranges': 'bytes',
24 verbose headers   date: 'Sat, 19 Nov 2016 08:57:20 GMT',
24 verbose headers   via: '1.1 varnish',
24 verbose headers   age: '196',
24 verbose headers   connection: 'keep-alive',
24 verbose headers   'x-served-by': 'cache-hkg6820-HKG',
24 verbose headers   'x-cache': 'HIT',
24 verbose headers   'x-cache-hits': '5',
24 verbose headers   'x-timer': 'S1479545840.831914,VS0,VE0',
24 verbose headers   vary: 'Accept-Encoding' }
25 silly get cb [ 200,
25 silly get   { server: 'nginx/1.10.1',
25 silly get     'content-type': 'application/json',
25 silly get     'last-modified': 'Mon, 14 Nov 2016 07:24:45 GMT',
25 silly get     etag: 'W/"582966bd-7d97"',
25 silly get     'content-encoding': 'gzip',
25 silly get     'cache-control': 'max-age=300',
25 silly get     'content-length': '5298',
25 silly get     'accept-ranges': 'bytes',
25 silly get     date: 'Sat, 19 Nov 2016 08:57:20 GMT',
25 silly get     via: '1.1 varnish',
25 silly get     age: '196',
25 silly get     connection: 'keep-alive',
25 silly get     'x-served-by': 'cache-hkg6820-HKG',
25 silly get     'x-cache': 'HIT',
25 silly get     'x-cache-hits': '5',
25 silly get     'x-timer': 'S1479545840.831914,VS0,VE0',
25 silly get     vary: 'Accept-Encoding' } ]
26 verbose get saving grunt-cli to /Users/liqian/.npm/registry.npmjs.org/grunt-cli/.cache.json
27 silly addNameTag next cb for grunt-cli with tag latest
28 silly addNamed grunt-cli@1.2.0
29 verbose addNamed "1.2.0" is a plain semver version for grunt-cli
30 silly mapToRegistry name grunt-cli
31 silly mapToRegistry using default registry
32 silly mapToRegistry registry https://registry.npmjs.org/
33 silly mapToRegistry uri https://registry.npmjs.org/grunt-cli
34 verbose addRemoteTarball https://registry.npmjs.org/grunt-cli/-/grunt-cli-1.2.0.tgz not in flight; adding
35 verbose addRemoteTarball [ 'https://registry.npmjs.org/grunt-cli/-/grunt-cli-1.2.0.tgz',
35 verbose addRemoteTarball   '562b119ebb069ddb464ace2845501be97b35b6a8' ]
36 info retry fetch attempt 1 at 16:57:20
37 info attempt registry request try #1 at 16:57:20
38 http fetch GET https://registry.npmjs.org/grunt-cli/-/grunt-cli-1.2.0.tgz
39 http fetch 200 https://registry.npmjs.org/grunt-cli/-/grunt-cli-1.2.0.tgz
40 silly fetchAndShaCheck shasum 562b119ebb069ddb464ace2845501be97b35b6a8
41 verbose addTmpTarball /var/folders/_7/vqdvmh715pz_tb3tp_16zbkh0000gn/T/npm-6574-7cf6f69f/registry.npmjs.org/grunt-cli/-/grunt-cli-1.2.0.tgz not in flight; adding
42 verbose addTmpTarball already have metadata; skipping unpack for grunt-cli@1.2.0
43 silly cache afterAdd grunt-cli@1.2.0
44 verbose afterAdd /Users/liqian/.npm/grunt-cli/1.2.0/package/package.json not in flight; writing
45 verbose afterAdd /Users/liqian/.npm/grunt-cli/1.2.0/package/package.json written
46 silly install resolved [ { name: 'grunt-cli',
46 silly install resolved     description: 'The grunt command line interface',
46 silly install resolved     version: '1.2.0',
46 silly install resolved     author:
46 silly install resolved      { name: 'Grunt Development Team',
46 silly install resolved        url: 'http://gruntjs.com/development-team' },
46 silly install resolved     repository:
46 silly install resolved      { type: 'git',
46 silly install resolved        url: 'git+https://github.com/gruntjs/grunt-cli.git' },
46 silly install resolved     license: 'MIT',
46 silly install resolved     engines: { node: '>=0.10.0' },
46 silly install resolved     scripts: { test: 'node bin/grunt test' },
46 silly install resolved     bin: { grunt: 'bin/grunt' },
46 silly install resolved     dependencies:
46 silly install resolved      { 'findup-sync': '~0.3.0',
46 silly install resolved        'grunt-known-options': '~1.1.0',
46 silly install resolved        nopt: '~3.0.6',
46 silly install resolved        resolve: '~1.1.0' },
46 silly install resolved     devDependencies: { grunt: '~0.4.5', 'grunt-contrib-jshint': '~1.0.0' },
46 silly install resolved     files: [ 'bin', 'completion', 'lib' ],
46 silly install resolved     appveyor_id: 'prp6g944b05jsq6d',
46 silly install resolved     contributors: [ [Object], [Object], [Object], [Object] ],
46 silly install resolved     gitHead: 'edd8bd29a72f2f28b63fe2629fcb7b9d9f2feb46',
46 silly install resolved     bugs: { url: 'https://github.com/gruntjs/grunt-cli/issues' },
46 silly install resolved     homepage: 'https://github.com/gruntjs/grunt-cli#readme',
46 silly install resolved     _id: 'grunt-cli@1.2.0',
46 silly install resolved     _shasum: '562b119ebb069ddb464ace2845501be97b35b6a8',
46 silly install resolved     _from: 'grunt-cli@latest',
46 silly install resolved     _npmVersion: '3.8.2',
46 silly install resolved     _nodeVersion: '4.2.3',
46 silly install resolved     _npmUser: { name: 'vladikoff', email: 'vlad@vladikoff.com' },
46 silly install resolved     dist:
46 silly install resolved      { shasum: '562b119ebb069ddb464ace2845501be97b35b6a8',
46 silly install resolved        tarball: 'https://registry.npmjs.org/grunt-cli/-/grunt-cli-1.2.0.tgz' },
46 silly install resolved     maintainers: [ [Object], [Object], [Object], [Object] ],
46 silly install resolved     _npmOperationalInternal:
46 silly install resolved      { host: 'packages-12-west.internal.npmjs.com',
46 silly install resolved        tmp: 'tmp/grunt-cli-1.2.0.tgz_1459558434299_0.8824446983635426' },
46 silly install resolved     directories: {},
46 silly install resolved     _resolved: 'https://registry.npmjs.org/grunt-cli/-/grunt-cli-1.2.0.tgz' } ]
47 info install grunt-cli@1.2.0 into /usr/local/lib
48 info installOne grunt-cli@1.2.0
49 verbose installOne of grunt-cli to /usr/local/lib not in flight; installing
50 verbose lock using /Users/liqian/.npm/_locks/grunt-cli-58f484dab06f0a30.lock for /usr/local/lib/node_modules/grunt-cli
51 silly install write writing grunt-cli 1.2.0 to /usr/local/lib/node_modules/grunt-cli
52 verbose unbuild lib/node_modules/grunt-cli
53 silly gentlyRm /usr/local/lib/node_modules/grunt-cli is being purged from base /usr/local
54 verbose gentlyRm don't care about contents; nuking /usr/local/lib/node_modules/grunt-cli
55 verbose tar unpack /Users/liqian/.npm/grunt-cli/1.2.0/package.tgz
56 verbose tar unpacking to /usr/local/lib/node_modules/grunt-cli
57 silly gentlyRm /usr/local/lib/node_modules/grunt-cli is being purged
58 verbose gentlyRm don't care about contents; nuking /usr/local/lib/node_modules/grunt-cli
59 silly gunzTarPerm modes [ '755', '644' ]
60 error tar.unpack untar error /Users/liqian/.npm/grunt-cli/1.2.0/package.tgz
61 verbose unlock done using /Users/liqian/.npm/_locks/grunt-cli-58f484dab06f0a30.lock for /usr/local/lib/node_modules/grunt-cli
62 verbose fstream_path /usr/local/lib/node_modules/grunt-cli
63 verbose fstream_type Directory
64 verbose fstream_class DirWriter
65 verbose stack Error: EACCES: permission denied, mkdir '/usr/local/lib/node_modules/grunt-cli'
65 verbose stack     at Error (native)
66 verbose fstream_stack /usr/local/lib/node_modules/npm/node_modules/fstream/lib/dir-writer.js:35:25
66 verbose fstream_stack /usr/local/lib/node_modules/npm/node_modules/mkdirp/index.js:47:53
66 verbose fstream_stack FSReqWrap.oncomplete (fs.js:82:15)
67 verbose cwd /Users/liqian/Desktop/bystep15.github.io
68 error Darwin 16.1.0
69 error argv "/usr/local/bin/node" "/usr/local/bin/npm" "install" "grunt-cli" "-g"
70 error node v4.2.6
71 error npm  v2.14.12
72 error path /usr/local/lib/node_modules/grunt-cli
73 error code EACCES
74 error errno -13
75 error syscall mkdir
76 error Error: EACCES: permission denied, mkdir '/usr/local/lib/node_modules/grunt-cli'
76 error     at Error (native)
76 error  { [Error: EACCES: permission denied, mkdir '/usr/local/lib/node_modules/grunt-cli']
76 error   errno: -13,
76 error   code: 'EACCES',
76 error   syscall: 'mkdir',
76 error   path: '/usr/local/lib/node_modules/grunt-cli',
76 error   fstream_type: 'Directory',
76 error   fstream_path: '/usr/local/lib/node_modules/grunt-cli',
76 error   fstream_class: 'DirWriter',
76 error   fstream_stack:
76 error    [ '/usr/local/lib/node_modules/npm/node_modules/fstream/lib/dir-writer.js:35:25',
76 error      '/usr/local/lib/node_modules/npm/node_modules/mkdirp/index.js:47:53',
76 error      'FSReqWrap.oncomplete (fs.js:82:15)' ] }
77 error Please try running this command again as root/Administrator.
78 verbose exit [ -13, true ]
79 verbose unbuild lib/node_modules/grunt-cli
80 silly gentlyRm /usr/local/lib/node_modules/grunt-cli is being purged from base /usr/local
81 verbose gentlyRm don't care about contents; nuking /usr/local/lib/node_modules/grunt-cli
